0 info it worked if it ends with ok
1 verbose cli [ '/usr/local/bin/node',
1 verbose cli   '/usr/local/bin/npm',
1 verbose cli   'install',
1 verbose cli   '-g',
1 verbose cli   'ios-deploy' ]
2 info using npm@3.3.12
3 info using node@v5.5.0
4 silly loadCurrentTree Starting
5 silly install loadCurrentTree
6 silly install readGlobalPackageData
7 silly fetchPackageMetaData ios-deploy
8 silly fetchNamedPackageData ios-deploy
9 silly mapToRegistry name ios-deploy
10 silly mapToRegistry using default registry
11 silly mapToRegistry registry https://registry.npmjs.org/
12 silly mapToRegistry uri https://registry.npmjs.org/ios-deploy
13 verbose get https://registry.npmjs.org/ios-deploy not expired, no request
14 silly install normalizeTree
15 silly loadCurrentTree Finishing
16 silly loadIdealTree Starting
17 silly install loadIdealTree
18 silly cloneCurrentTree Starting
19 silly install cloneCurrentTreeToIdealTree
20 silly cloneCurrentTree Finishing
21 silly loadShrinkwrap Starting
22 silly install loadShrinkwrap
23 silly loadShrinkwrap Finishing
24 silly loadAllDepsIntoIdealTree Starting
25 silly install loadAllDepsIntoIdealTree
26 silly resolveWithNewModule ios-deploy@1.8.6 checking installable status
27 silly cache add args [ 'ios-deploy', null ]
28 verbose cache add spec ios-deploy
29 silly cache add parsed spec Result {
29 silly cache add   raw: 'ios-deploy',
29 silly cache add   scope: null,
29 silly cache add   name: 'ios-deploy',
29 silly cache add   rawSpec: '',
29 silly cache add   spec: '*',
29 silly cache add   type: 'range' }
30 silly addNamed ios-deploy@*
31 verbose addNamed "*" is a valid semver range for ios-deploy
32 silly addNameRange { name: 'ios-deploy', range: '*', hasData: false }
33 silly mapToRegistry name ios-deploy
34 silly mapToRegistry using default registry
35 silly mapToRegistry registry https://registry.npmjs.org/
36 silly mapToRegistry uri https://registry.npmjs.org/ios-deploy
37 verbose addNameRange registry:https://registry.npmjs.org/ios-deploy not in flight; fetching
38 verbose get https://registry.npmjs.org/ios-deploy not expired, no request
39 silly addNameRange number 2 { name: 'ios-deploy', range: '*', hasData: true }
40 silly addNameRange versions [ 'ios-deploy',
40 silly addNameRange   [ '1.0.1',
40 silly addNameRange     '1.0.2',
40 silly addNameRange     '1.0.3',
40 silly addNameRange     '1.0.4',
40 silly addNameRange     '1.0.5',
40 silly addNameRange     '1.0.6',
40 silly addNameRange     '1.0.7',
40 silly addNameRange     '1.0.8',
40 silly addNameRange     '1.0.9',
40 silly addNameRange     '1.1.0',
40 silly addNameRange     '1.2.0',
40 silly addNameRange     '1.3.0',
40 silly addNameRange     '1.3.1',
40 silly addNameRange     '1.3.2',
40 silly addNameRange     '1.4.0',
40 silly addNameRange     '1.5.0',
40 silly addNameRange     '1.6.0',
40 silly addNameRange     '1.6.1',
40 silly addNameRange     '1.6.2',
40 silly addNameRange     '1.6.3',
40 silly addNameRange     '1.7.0',
40 silly addNameRange     '1.8.0',
40 silly addNameRange     '1.8.1',
40 silly addNameRange     '1.8.2',
40 silly addNameRange     '1.8.3',
40 silly addNameRange     '1.8.4',
40 silly addNameRange     '1.8.5',
40 silly addNameRange     '1.8.6' ] ]
41 silly addNamed ios-deploy@1.8.6
42 verbose addNamed "1.8.6" is a plain semver version for ios-deploy
43 silly cache afterAdd ios-deploy@1.8.6
44 verbose afterAdd /Users/rdonmez/.npm/ios-deploy/1.8.6/package/package.json not in flight; writing
45 verbose afterAdd /Users/rdonmez/.npm/ios-deploy/1.8.6/package/package.json written
46 silly loadAllDepsIntoIdealTree Finishing
47 silly idealTree:prePrune lib
47 silly idealTree:prePrune └── ios-deploy@1.8.6
48 silly loadIdealTree Finishing
49 silly currentTree lib
50 silly idealTree lib
50 silly idealTree └── ios-deploy@1.8.6
51 silly generateActionsToTake Starting
52 silly install generateActionsToTake
53 silly generateActionsToTake Finishing
54 silly diffTrees action count 1
55 silly diffTrees add ios-deploy@1.8.6
56 silly decomposeActions action count 8
57 silly decomposeActions fetch ios-deploy@1.8.6
58 silly decomposeActions extract ios-deploy@1.8.6
59 silly decomposeActions preinstall ios-deploy@1.8.6
60 silly decomposeActions build ios-deploy@1.8.6
61 silly decomposeActions install ios-deploy@1.8.6
62 silly decomposeActions postinstall ios-deploy@1.8.6
63 silly decomposeActions test ios-deploy@1.8.6
64 silly decomposeActions finalize ios-deploy@1.8.6
65 silly executeActions Starting
66 silly install executeActions
67 silly doSerial global-install 0
68 silly doParallel fetch 1
69 verbose lock using /Users/rdonmez/.npm/_locks/staging-3a08f0df5026584d.lock for /usr/local/lib/node_modules/.staging
70 silly doParallel extract 1
71 silly extract ios-deploy@1.8.6
72 verbose unbuild lib/node_modules/.staging/ios-deploy-fbfd9f76b9a8909271fae167aab47715
73 silly gentlyRm /usr/local/lib/node_modules/.staging/ios-deploy-fbfd9f76b9a8909271fae167aab47715 is being purged from base /usr/local
74 verbose gentlyRm don't care about contents; nuking /usr/local/lib/node_modules/.staging/ios-deploy-fbfd9f76b9a8909271fae167aab47715
75 verbose tar unpack /Users/rdonmez/.npm/ios-deploy/1.8.6/package.tgz
76 verbose tar unpacking to /usr/local/lib/node_modules/.staging/ios-deploy-fbfd9f76b9a8909271fae167aab47715
77 silly gentlyRm /usr/local/lib/node_modules/.staging/ios-deploy-fbfd9f76b9a8909271fae167aab47715 is being purged
78 verbose gentlyRm don't care about contents; nuking /usr/local/lib/node_modules/.staging/ios-deploy-fbfd9f76b9a8909271fae167aab47715
79 silly gunzTarPerm modes [ '755', '644' ]
80 silly gunzTarPerm extractEntry package.json
81 silly gunzTarPerm extractEntry .npmignore
82 silly gunzTarPerm extractEntry README.md
83 silly gunzTarPerm extractEntry LICENSE
84 silly gunzTarPerm extractEntry CONTRIBUTING.md
85 silly gunzTarPerm extractEntry demo/.npmignore
86 silly gunzTarPerm extractEntry demo/Entitlements.plist
87 silly gunzTarPerm extractEntry demo/Info.plist
88 silly gunzTarPerm extractEntry demo/Makefile
89 silly gunzTarPerm extractEntry demo/ResourceRules.plist
90 silly gunzTarPerm extractEntry demo/demo.c
91 silly gunzTarPerm extractEntry ios-deploy.xcodeproj/project.pbxproj
92 silly gunzTarPerm extractEntry ios-deploy.xcodeproj/project.xcworkspace/xcuserdata/shaz.xcuserdatad/UserInterfaceState.xcuserstate
93 silly gunzTarPerm extractEntry ios-deploy.xcodeproj/xcshareddata/xcschemes/ios-deploy-tests.xcscheme
94 silly gunzTarPerm extractEntry ios-deploy.xcodeproj/xcuserdata/shaz.xcuserdatad/xcschemes/ios-deploy-lib.xcscheme
95 silly gunzTarPerm extractEntry ios-deploy.xcodeproj/xcuserdata/shaz.xcuserdatad/xcschemes/ios-deploy.xcscheme
96 silly gunzTarPerm extractEntry ios-deploy.xcodeproj/xcuserdata/shaz.xcuserdatad/xcschemes/xcschememanagement.plist
97 silly gunzTarPerm extractEntry src/ios-deploy/MobileDevice.h
98 silly gunzTarPerm extractEntry src/ios-deploy/errors.h
99 silly gunzTarPerm extractEntry src/ios-deploy/ios-deploy.m
100 silly gunzTarPerm extractEntry src/ios-deploy/version.h
101 silly gunzTarPerm extractEntry src/ios-deploy-lib/libios_deploy.h
102 silly gunzTarPerm extractEntry src/ios-deploy-lib/libios_deploy.m
103 silly gunzTarPerm extractEntry src/ios-deploy-tests/Info.plist
104 silly gunzTarPerm extractEntry src/ios-deploy-tests/ios_deploy_tests.m
105 silly gunzTarPerm extractEntry src/scripts/check_reqs.js
106 silly gunzTarPerm extractEntry src/scripts/lldb.py
107 silly doParallel preinstall 1
108 silly preinstall ios-deploy@1.8.6 /usr/local/lib/node_modules/.staging/ios-deploy-fbfd9f76b9a8909271fae167aab47715
109 info lifecycle ios-deploy@1.8.6~preinstall: ios-deploy@1.8.6
110 verbose lifecycle ios-deploy@1.8.6~preinstall: unsafe-perm in lifecycle true
111 verbose lifecycle ios-deploy@1.8.6~preinstall: PATH: /usr/local/lib/node_modules/npm/bin/node-gyp-bin:/usr/local/lib/node_modules/.staging/ios-deploy-fbfd9f76b9a8909271fae167aab47715/node_modules/.bin:/usr/local/lib/node_modules/.bin:/usr/local/bin:/usr/bin:/bin:/usr/sbin:/sbin:/usr/local/git/bin:/opt/ImageMagick/bin:/Users/rdonmez/.rvm/bin
112 verbose lifecycle ios-deploy@1.8.6~preinstall: CWD: /usr/local/lib/node_modules/.staging/ios-deploy-fbfd9f76b9a8909271fae167aab47715
113 silly lifecycle ios-deploy@1.8.6~preinstall: Args: [ '-c', './src/scripts/check_reqs.js && xcodebuild' ]
114 silly lifecycle ios-deploy@1.8.6~preinstall: Returned: code: 1  signal: null
115 info lifecycle ios-deploy@1.8.6~preinstall: Failed to exec preinstall script
116 verbose unlock done using /Users/rdonmez/.npm/_locks/staging-3a08f0df5026584d.lock for /usr/local/lib/node_modules/.staging
117 silly rollbackFailedOptional Starting
118 silly rollbackFailedOptional Finishing
119 silly runTopLevelLifecycles Starting
120 silly runTopLevelLifecycles Finishing
121 silly install printInstalled
122 verbose stack Error: ios-deploy@1.8.6 preinstall: `./src/scripts/check_reqs.js && xcodebuild`
122 verbose stack Exit status 1
122 verbose stack     at EventEmitter.<anonymous> (/usr/local/lib/node_modules/npm/lib/utils/lifecycle.js:232:16)
122 verbose stack     at emitTwo (events.js:100:13)
122 verbose stack     at EventEmitter.emit (events.js:185:7)
122 verbose stack     at ChildProcess.<anonymous> (/usr/local/lib/node_modules/npm/lib/utils/spawn.js:24:14)
122 verbose stack     at emitTwo (events.js:100:13)
122 verbose stack     at ChildProcess.emit (events.js:185:7)
122 verbose stack     at maybeClose (internal/child_process.js:821:16)
122 verbose stack     at Process.ChildProcess._handle.onexit (internal/child_process.js:211:5)
123 verbose pkgid ios-deploy@1.8.6
124 verbose cwd /Users/rdonmez/projects/dashup/front-end
125 error Darwin 14.5.0
126 error argv "/usr/local/bin/node" "/usr/local/bin/npm" "install" "-g" "ios-deploy"
127 error node v5.5.0
128 error npm  v3.3.12
129 error code ELIFECYCLE
130 error ios-deploy@1.8.6 preinstall: `./src/scripts/check_reqs.js && xcodebuild`
130 error Exit status 1
131 error Failed at the ios-deploy@1.8.6 preinstall script './src/scripts/check_reqs.js && xcodebuild'.
131 error Make sure you have the latest version of node.js and npm installed.
131 error If you do, this is most likely a problem with the ios-deploy package,
131 error not with npm itself.
131 error Tell the author that this fails on your system:
131 error     ./src/scripts/check_reqs.js && xcodebuild
131 error You can get their info via:
131 error     npm owner ls ios-deploy
131 error There is likely additional logging output above.
132 verbose exit [ 1, true ]
